<?xml version="1.0" encoding="UTF-8"?>
<!-- Generated by org.testng.reporters.JUnitReportReporter -->
<testsuite hostname="AkshayD-LAP" failures="0" tests="3" name="Day1.TestNgDemo" time="0.008" errors="0" timestamp="2023-09-13T12:01:10 IST" skipped="0">
  <testcase classname="Day1.TestNgDemo" name="setup" time="0.006"/>
  <testcase classname="Day1.TestNgDemo" name="testsetp" time="0.001"/>
  <testcase classname="Day1.TestNgDemo" name="terodown" time="0.001"/>
</testsuite> <!-- Day1.TestNgDemo -->
