<?xml version="1.0" encoding="UTF-8"?>
<!-- Generated by org.testng.reporters.JUnitReportReporter -->
<testsuite hostname="AkshayD-LAP" failures="0" tests="2" name="Day2.Annotations" time="0.000" errors="0" timestamp="2023-09-14T17:24:15 IST" skipped="0">
  <testcase classname="Day2.Annotations" name="testApp2" time="0.000"/>
  <system-out/>
  <testcase classname="Day2.Annotations" name="testApp" time="0.000"/>
  <system-out/>
</testsuite> <!-- Day2.Annotations -->
