<?xml version="1.0" encoding="UTF-8"?>
<!-- Generated by org.testng.reporters.JUnitReportReporter -->
<testsuite hostname="AkshayD-LAP" failures="0" tests="2" name="Day1.testng_demo" time="0.001" errors="0" timestamp="2023-09-22T14:36:37 IST" skipped="0">
  <testcase classname="Day1.testng_demo" name="setup" time="0.001"/>
  <system-out/>
  <testcase classname="Day1.testng_demo" name="testsetup" time="0.000"/>
  <system-out/>
</testsuite> <!-- Day1.testng_demo -->
